<?xml version="1.0" encoding="UTF-8"?>
<TestRun id="0c894eed-0c52-4bf8-b85d-a44d3b88cbf6" name="USER@USER-PC 2014-10-28 14:56:39" runUser="USER-PC\USER" xmlns="http://microsoft.com/schemas/VisualStudio/TeamTest/2010">
  <TestSettings name="本機" id="90499dd7-6d50-4714-b5e5-34f0e23adc1f">
    <Description>這些是本機測試回合的預設測試設定。</Description>
    <Deployment enabled="false" runDeploymentRoot="USER_USER-PC 2014-10-28 14_56_39">
      <DeploymentItem filename="C:\Users\USER\Documents\Visual Studio 2010\Projects\AutoMapperDemo\packages\AutoMapper.3.0.0-ci1037\lib\net40\AutoMapper.dll" />
      <DeploymentItem filename="C:\Users\USER\Documents\Visual Studio 2010\Projects\AutoMapperDemo\packages\AutoMapper.3.0.0-ci1037\lib\net40\AutoMapper.Net4.dll" />
    </Deployment>
    <Execution>
      <TestTypeSpecific />
      <AgentRule name="Execution Agents">
      </AgentRule>
    </Execution>
  </TestSettings>
  <Times creation="2014-10-28T14:56:39.4721362+08:00" queuing="2014-10-28T14:56:40.1421746+08:00" start="2014-10-28T14:56:40.2081783+08:00" finish="2014-10-28T14:57:05.7426388+08:00" />
  <ResultSummary outcome="Error">
    <Counters total="1" executed="1" error="0" failed="0" timeout="0" aborted="1" inconclusive="0" passedButRunAborted="0" notRunnable="0" notExecuted="0" disconnected="0" warning="0" passed="0" completed="0" inProgress="0" pending="0" />
    <RunInfos>
      <RunInfo computerName="USER-PC" outcome="Error" timestamp="2014-10-28T14:57:05.7416388+08:00">
        <Text>測試主機處理序在未預期的情況下結束。</Text>
      </RunInfo>
    </RunInfos>
  </ResultSummary>
  <TestDefinitions>
    <UnitTest name="AutoMapperTestForFlattening" storage="c:\users\user\documents\visual studio 2010\projects\automapperdemo\automapperdemo\bin\debug\automapperdemo.dll" id="909a03b0-eced-744e-8b11-f1be414ed76a">
      <Execution id="9e220fb8-09a6-4dd7-a55e-52a6b9106f9b" />
      <TestMethod codeBase="C:/Users/USER/Documents/Visual Studio 2010/Projects/AutoMapperDemo/AutoMapperDemo/bin/Debug/AutoMapperDemo.DLL" adapterTypeName="Microsoft.VisualStudio.TestTools.TestTypes.Unit.UnitTestAdapter, Microsoft.VisualStudio.QualityTools.Tips.UnitTest.Adapter, Version=10.0.0.0, Culture=neutral, PublicKeyToken=b03f5f7f11d50a3a" className="AutoMapperDemo.MapperTestForFlattening, AutoMapperDemo, Version=1.0.0.0, Culture=neutral, PublicKeyToken=null" name="AutoMapperTestForFlattening" />
    </UnitTest>
  </TestDefinitions>
  <TestLists>
    <TestList name="不在清單中的結果" id="8c84fa94-04c1-424b-9868-57a2d4851a1d" />
    <TestList name="所有載入的結果" id="19431567-8539-422a-85d7-44ee4e166bda" />
  </TestLists>
  <TestEntries>
    <TestEntry testId="909a03b0-eced-744e-8b11-f1be414ed76a" executionId="9e220fb8-09a6-4dd7-a55e-52a6b9106f9b" testListId="8c84fa94-04c1-424b-9868-57a2d4851a1d" />
  </TestEntries>
  <Results>
    <UnitTestResult executionId="9e220fb8-09a6-4dd7-a55e-52a6b9106f9b" testId="909a03b0-eced-744e-8b11-f1be414ed76a" testName="AutoMapperTestForFlattening" computerName="USER-PC" duration="00:00:25.4724569" startTime="2014-10-28T14:56:40.2701819+08:00" endTime="2014-10-28T14:57:05.7426388+08:00" testType="13cdc9d9-ddb5-4fa4-a97d-d965ccfc6d4b" outcome="Aborted" testListId="8c84fa94-04c1-424b-9868-57a2d4851a1d" relativeResultsDirectory="9e220fb8-09a6-4dd7-a55e-52a6b9106f9b">
    </UnitTestResult>
  </Results>
</TestRun>