<?xml version="1.0" encoding="UTF-8"?>
<TestRun id="1e2a8751-f606-4da7-b519-713f02d7715b" name="USER@USER-PC 2014-10-22 17:01:08" runUser="USER-PC\USER" xmlns="http://microsoft.com/schemas/VisualStudio/TeamTest/2010">
  <TestSettings name="本機" id="90499dd7-6d50-4714-b5e5-34f0e23adc1f">
    <Description>這些是本機測試回合的預設測試設定。</Description>
    <Deployment enabled="false" runDeploymentRoot="USER_USER-PC 2014-10-22 17_01_08">
      <DeploymentItem filename="C:\Users\USER\Documents\Visual Studio 2010\Projects\AutoMapperDemo\packages\AutoMapper.3.0.0-ci1037\lib\net40\AutoMapper.dll" />
      <DeploymentItem filename="C:\Users\USER\Documents\Visual Studio 2010\Projects\AutoMapperDemo\packages\AutoMapper.3.0.0-ci1037\lib\net40\AutoMapper.Net4.dll" />
    </Deployment>
    <Execution>
      <TestTypeSpecific />
      <AgentRule name="Execution Agents">
      </AgentRule>
    </Execution>
  </TestSettings>
  <Times creation="2014-10-22T17:01:08.4790913+08:00" queuing="2014-10-22T17:01:09.1331287+08:00" start="2014-10-22T17:01:09.1621304+08:00" finish="2014-10-22T17:01:09.4431464+08:00" />
  <ResultSummary outcome="Failed">
    <Counters total="1" executed="1" error="0" failed="1" timeout="0" aborted="0" inconclusive="0" passedButRunAborted="0" notRunnable="0" notExecuted="0" disconnected="0" warning="0" passed="0" completed="0" inProgress="0" pending="0" />
  </ResultSummary>
  <TestDefinitions>
    <UnitTest name="AutoMapperTestForConfiguration" storage="c:\users\user\documents\visual studio 2010\projects\automapperdemo\automapperdemo\bin\debug\automapperdemo.dll" id="bcc3b17c-c9f2-a4ff-3a9d-d74058793cb6">
      <Execution id="d96c84b4-9878-4322-9f75-f4056911fdd2" />
      <TestMethod codeBase="C:/Users/USER/Documents/Visual Studio 2010/Projects/AutoMapperDemo/AutoMapperDemo/bin/Debug/AutoMapperDemo.DLL" adapterTypeName="Microsoft.VisualStudio.TestTools.TestTypes.Unit.UnitTestAdapter, Microsoft.VisualStudio.QualityTools.Tips.UnitTest.Adapter, Version=10.0.0.0, Culture=neutral, PublicKeyToken=b03f5f7f11d50a3a" className="AutoMapperDemo.MapperTestForConfiguration, AutoMapperDemo, Version=1.0.0.0, Culture=neutral, PublicKeyToken=null" name="AutoMapperTestForConfiguration" />
    </UnitTest>
  </TestDefinitions>
  <TestLists>
    <TestList name="不在清單中的結果" id="8c84fa94-04c1-424b-9868-57a2d4851a1d" />
    <TestList name="所有載入的結果" id="19431567-8539-422a-85d7-44ee4e166bda" />
  </TestLists>
  <TestEntries>
    <TestEntry testId="bcc3b17c-c9f2-a4ff-3a9d-d74058793cb6" executionId="d96c84b4-9878-4322-9f75-f4056911fdd2" testListId="8c84fa94-04c1-424b-9868-57a2d4851a1d" />
  </TestEntries>
  <Results>
    <UnitTestResult executionId="d96c84b4-9878-4322-9f75-f4056911fdd2" testId="bcc3b17c-c9f2-a4ff-3a9d-d74058793cb6" testName="AutoMapperTestForConfiguration" computerName="USER-PC" duration="00:00:00.0985589" startTime="2014-10-22T17:01:09.1701308+08:00" endTime="2014-10-22T17:01:09.4281456+08:00" testType="13cdc9d9-ddb5-4fa4-a97d-d965ccfc6d4b" outcome="Failed" testListId="8c84fa94-04c1-424b-9868-57a2d4851a1d" relativeResultsDirectory="d96c84b4-9878-4322-9f75-f4056911fdd2">
      <Output>
        <ErrorInfo>
          <Message>Assert.AreEqual 失敗。預期: &lt;new&gt;。實際: &lt;Configuration&gt;。</Message>
          <StackTrace>   於 AutoMapperDemo.MapperTestForConfiguration.AutoMapperTestForConfiguration() 於 C:\Users\USER\Documents\Visual Studio 2010\Projects\AutoMapperDemo\AutoMapperDemo\MapperTestForConfiguration.cs: 行 111
</StackTrace>
        </ErrorInfo>
      </Output>
    </UnitTestResult>
  </Results>
</TestRun>