<?xml version="1.0" encoding="UTF-8"?>
<TestRun id="408109dd-0d3c-46ad-b8d2-deedad4eb082" name="USER@USER-PC 2014-10-28 14:44:22" runUser="USER-PC\USER" xmlns="http://microsoft.com/schemas/VisualStudio/TeamTest/2010">
  <TestSettings name="本機" id="90499dd7-6d50-4714-b5e5-34f0e23adc1f">
    <Description>這些是本機測試回合的預設測試設定。</Description>
    <Deployment enabled="false" runDeploymentRoot="USER_USER-PC 2014-10-28 14_44_22">
      <DeploymentItem filename="C:\Users\USER\Documents\Visual Studio 2010\Projects\AutoMapperDemo\packages\AutoMapper.3.0.0-ci1037\lib\net40\AutoMapper.dll" />
      <DeploymentItem filename="C:\Users\USER\Documents\Visual Studio 2010\Projects\AutoMapperDemo\packages\AutoMapper.3.0.0-ci1037\lib\net40\AutoMapper.Net4.dll" />
    </Deployment>
    <Execution>
      <TestTypeSpecific />
      <AgentRule name="Execution Agents">
      </AgentRule>
    </Execution>
  </TestSettings>
  <Times creation="2014-10-28T14:44:22.6001934+08:00" queuing="2014-10-28T14:44:23.2632313+08:00" start="2014-10-28T14:44:23.3302351+08:00" finish="2014-10-28T14:44:37.7150579+08:00" />
  <ResultSummary outcome="Error">
    <Counters total="7" executed="3" passed="2" error="0" failed="0" timeout="0" aborted="1" inconclusive="0" passedButRunAborted="0" notRunnable="0" notExecuted="4" disconnected="0" warning="0" completed="0" inProgress="0" pending="0" />
    <RunInfos>
      <RunInfo computerName="USER-PC" outcome="Error" timestamp="2014-10-28T14:44:37.7140578+08:00">
        <Text>測試主機處理序在未預期的情況下結束。</Text>
      </RunInfo>
    </RunInfos>
  </ResultSummary>
  <TestDefinitions>
    <UnitTest name="AutoMapperTestForFlattening" storage="c:\users\user\documents\visual studio 2010\projects\automapperdemo\automapperdemo\bin\debug\automapperdemo.dll" id="909a03b0-eced-744e-8b11-f1be414ed76a">
      <Execution id="66dff5b6-8eed-4f49-b469-03ba3fcf7aed" />
      <TestMethod codeBase="C:/Users/USER/Documents/Visual Studio 2010/Projects/AutoMapperDemo/AutoMapperDemo/bin/Debug/AutoMapperDemo.DLL" adapterTypeName="Microsoft.VisualStudio.TestTools.TestTypes.Unit.UnitTestAdapter, Microsoft.VisualStudio.QualityTools.Tips.UnitTest.Adapter, Version=10.0.0.0, Culture=neutral, PublicKeyToken=b03f5f7f11d50a3a" className="AutoMapperDemo.MapperTestForFlattening, AutoMapperDemo, Version=1.0.0.0, Culture=neutral, PublicKeyToken=null" name="AutoMapperTestForFlattening" />
    </UnitTest>
    <UnitTest name="AutoMapperTestForNestedMappings" storage="c:\users\user\documents\visual studio 2010\projects\automapperdemo\automapperdemo\bin\debug\automapperdemo.dll" id="10123f38-4fa3-b959-dc85-c4dd2b9b3102">
      <Execution id="20f3c748-a8ea-4560-bc66-bc1f54396af2" />
      <TestMethod codeBase="C:/Users/USER/Documents/Visual Studio 2010/Projects/AutoMapperDemo/AutoMapperDemo/bin/Debug/AutoMapperDemo.DLL" adapterTypeName="Microsoft.VisualStudio.TestTools.TestTypes.Unit.UnitTestAdapter, Microsoft.VisualStudio.QualityTools.Tips.UnitTest.Adapter, Version=10.0.0.0, Culture=neutral, PublicKeyToken=b03f5f7f11d50a3a" className="AutoMapperDemo.MapperTestForNested, AutoMapperDemo, Version=1.0.0.0, Culture=neutral, PublicKeyToken=null" name="AutoMapperTestForNestedMappings" />
    </UnitTest>
    <UnitTest name="AutoMapperTestForInheritanceMapping" storage="c:\users\user\documents\visual studio 2010\projects\automapperdemo\automapperdemo\bin\debug\automapperdemo.dll" id="556692c1-0053-4d93-c341-ea99cd28c33f">
      <Execution id="a8343607-8217-43cb-a10b-475d8ac1dc3f" />
      <TestMethod codeBase="C:/Users/USER/Documents/Visual Studio 2010/Projects/AutoMapperDemo/AutoMapperDemo/bin/Debug/AutoMapperDemo.DLL" adapterTypeName="Microsoft.VisualStudio.TestTools.TestTypes.Unit.UnitTestAdapter, Microsoft.VisualStudio.QualityTools.Tips.UnitTest.Adapter, Version=10.0.0.0, Culture=neutral, PublicKeyToken=b03f5f7f11d50a3a" className="AutoMapperDemo.MapperTestForInheritance, AutoMapperDemo, Version=1.0.0.0, Culture=neutral, PublicKeyToken=null" name="AutoMapperTestForInheritanceMapping" />
    </UnitTest>
    <UnitTest name="AutoMapperTestForCustomValueResolvers" storage="c:\users\user\documents\visual studio 2010\projects\automapperdemo\automapperdemo\bin\debug\automapperdemo.dll" id="8adff332-95ff-c423-6bbb-d3cb672f3d1c">
      <Execution id="7ff2958d-612f-4bbd-b472-e5527e557653" />
      <TestMethod codeBase="C:/Users/USER/Documents/Visual Studio 2010/Projects/AutoMapperDemo/AutoMapperDemo/bin/Debug/AutoMapperDemo.DLL" adapterTypeName="Microsoft.VisualStudio.TestTools.TestTypes.Unit.UnitTestAdapter, Microsoft.VisualStudio.QualityTools.Tips.UnitTest.Adapter, Version=10.0.0.0, Culture=neutral, PublicKeyToken=b03f5f7f11d50a3a" className="AutoMapperDemo.MapperTestForResolver, AutoMapperDemo, Version=1.0.0.0, Culture=neutral, PublicKeyToken=null" name="AutoMapperTestForCustomValueResolvers" />
    </UnitTest>
    <UnitTest name="AutoMapperTestForConfiguration" storage="c:\users\user\documents\visual studio 2010\projects\automapperdemo\automapperdemo\bin\debug\automapperdemo.dll" id="bcc3b17c-c9f2-a4ff-3a9d-d74058793cb6">
      <Execution id="892c5864-23c3-4a5f-af54-db4769a6753f" />
      <TestMethod codeBase="C:/Users/USER/Documents/Visual Studio 2010/Projects/AutoMapperDemo/AutoMapperDemo/bin/Debug/AutoMapperDemo.DLL" adapterTypeName="Microsoft.VisualStudio.TestTools.TestTypes.Unit.UnitTestAdapter, Microsoft.VisualStudio.QualityTools.Tips.UnitTest.Adapter, Version=10.0.0.0, Culture=neutral, PublicKeyToken=b03f5f7f11d50a3a" className="AutoMapperDemo.MapperTestForConfiguration, AutoMapperDemo, Version=1.0.0.0, Culture=neutral, PublicKeyToken=null" name="AutoMapperTestForConfiguration" />
    </UnitTest>
    <UnitTest name="AutoMapperTestForCustomTypeConverters" storage="c:\users\user\documents\visual studio 2010\projects\automapperdemo\automapperdemo\bin\debug\automapperdemo.dll" id="0bd6ef8c-42a9-1b77-6c70-6a3abeca7b66">
      <Execution id="4b98ef9f-758f-467e-8ebc-640f4a09d3ec" />
      <TestMethod codeBase="C:/Users/USER/Documents/Visual Studio 2010/Projects/AutoMapperDemo/AutoMapperDemo/bin/Debug/AutoMapperDemo.DLL" adapterTypeName="Microsoft.VisualStudio.TestTools.TestTypes.Unit.UnitTestAdapter, Microsoft.VisualStudio.QualityTools.Tips.UnitTest.Adapter, Version=10.0.0.0, Culture=neutral, PublicKeyToken=b03f5f7f11d50a3a" className="AutoMapperDemo.MapperTestForConverter, AutoMapperDemo, Version=1.0.0.0, Culture=neutral, PublicKeyToken=null" name="AutoMapperTestForCustomTypeConverters" />
    </UnitTest>
    <UnitTest name="AutoMapperTestForMappingEngine" storage="c:\users\user\documents\visual studio 2010\projects\automapperdemo\automapperdemo\bin\debug\automapperdemo.dll" id="427986f6-c2dc-502a-ecfb-ff7407943a0c">
      <Execution id="d12b022a-5813-4efd-9e90-241f7848bf3d" />
      <TestMethod codeBase="C:/Users/USER/Documents/Visual Studio 2010/Projects/AutoMapperDemo/AutoMapperDemo/bin/Debug/AutoMapperDemo.DLL" adapterTypeName="Microsoft.VisualStudio.TestTools.TestTypes.Unit.UnitTestAdapter, Microsoft.VisualStudio.QualityTools.Tips.UnitTest.Adapter, Version=10.0.0.0, Culture=neutral, PublicKeyToken=b03f5f7f11d50a3a" className="AutoMapperDemo.MapperTestForEngine, AutoMapperDemo, Version=1.0.0.0, Culture=neutral, PublicKeyToken=null" name="AutoMapperTestForMappingEngine" />
    </UnitTest>
  </TestDefinitions>
  <TestLists>
    <TestList name="不在清單中的結果" id="8c84fa94-04c1-424b-9868-57a2d4851a1d" />
    <TestList name="所有載入的結果" id="19431567-8539-422a-85d7-44ee4e166bda" />
  </TestLists>
  <TestEntries>
    <TestEntry testId="0bd6ef8c-42a9-1b77-6c70-6a3abeca7b66" executionId="4b98ef9f-758f-467e-8ebc-640f4a09d3ec" testListId="8c84fa94-04c1-424b-9868-57a2d4851a1d" />
    <TestEntry testId="10123f38-4fa3-b959-dc85-c4dd2b9b3102" executionId="20f3c748-a8ea-4560-bc66-bc1f54396af2" testListId="8c84fa94-04c1-424b-9868-57a2d4851a1d" />
    <TestEntry testId="427986f6-c2dc-502a-ecfb-ff7407943a0c" executionId="d12b022a-5813-4efd-9e90-241f7848bf3d" testListId="8c84fa94-04c1-424b-9868-57a2d4851a1d" />
    <TestEntry testId="556692c1-0053-4d93-c341-ea99cd28c33f" executionId="a8343607-8217-43cb-a10b-475d8ac1dc3f" testListId="8c84fa94-04c1-424b-9868-57a2d4851a1d" />
    <TestEntry testId="8adff332-95ff-c423-6bbb-d3cb672f3d1c" executionId="7ff2958d-612f-4bbd-b472-e5527e557653" testListId="8c84fa94-04c1-424b-9868-57a2d4851a1d" />
    <TestEntry testId="909a03b0-eced-744e-8b11-f1be414ed76a" executionId="66dff5b6-8eed-4f49-b469-03ba3fcf7aed" testListId="8c84fa94-04c1-424b-9868-57a2d4851a1d" />
    <TestEntry testId="bcc3b17c-c9f2-a4ff-3a9d-d74058793cb6" executionId="892c5864-23c3-4a5f-af54-db4769a6753f" testListId="8c84fa94-04c1-424b-9868-57a2d4851a1d" />
  </TestEntries>
  <Results>
    <UnitTestResult executionId="4b98ef9f-758f-467e-8ebc-640f4a09d3ec" testId="0bd6ef8c-42a9-1b77-6c70-6a3abeca7b66" testName="AutoMapperTestForCustomTypeConverters" computerName="USER-PC" duration="00:00:00.1403642" startTime="2014-10-28T14:44:23.3922387+08:00" endTime="2014-10-28T14:44:24.1542823+08:00" testType="13cdc9d9-ddb5-4fa4-a97d-d965ccfc6d4b" outcome="Passed" testListId="8c84fa94-04c1-424b-9868-57a2d4851a1d" relativeResultsDirectory="4b98ef9f-758f-467e-8ebc-640f4a09d3ec">
    </UnitTestResult>
    <UnitTestResult executionId="20f3c748-a8ea-4560-bc66-bc1f54396af2" testId="10123f38-4fa3-b959-dc85-c4dd2b9b3102" testName="AutoMapperTestForNestedMappings" computerName="USER-PC" duration="00:00:00.0133255" startTime="2014-10-28T14:44:24.1662830+08:00" endTime="2014-10-28T14:44:24.1832839+08:00" testType="13cdc9d9-ddb5-4fa4-a97d-d965ccfc6d4b" outcome="Passed" testListId="8c84fa94-04c1-424b-9868-57a2d4851a1d" relativeResultsDirectory="20f3c748-a8ea-4560-bc66-bc1f54396af2">
    </UnitTestResult>
    <UnitTestResult executionId="d12b022a-5813-4efd-9e90-241f7848bf3d" testId="427986f6-c2dc-502a-ecfb-ff7407943a0c" testName="AutoMapperTestForMappingEngine" computerName="USER-PC" duration="00:00:13.5247735" startTime="2014-10-28T14:44:24.1892843+08:00" endTime="2014-10-28T14:44:37.7140578+08:00" testType="13cdc9d9-ddb5-4fa4-a97d-d965ccfc6d4b" outcome="Aborted" testListId="8c84fa94-04c1-424b-9868-57a2d4851a1d" relativeResultsDirectory="d12b022a-5813-4efd-9e90-241f7848bf3d">
    </UnitTestResult>
    <UnitTestResult executionId="a8343607-8217-43cb-a10b-475d8ac1dc3f" testId="556692c1-0053-4d93-c341-ea99cd28c33f" testName="AutoMapperTestForInheritanceMapping" computerName="USER-PC" testType="13cdc9d9-ddb5-4fa4-a97d-d965ccfc6d4b" outcome="NotExecuted" testListId="8c84fa94-04c1-424b-9868-57a2d4851a1d" relativeResultsDirectory="a8343607-8217-43cb-a10b-475d8ac1dc3f">
    </UnitTestResult>
    <UnitTestResult executionId="7ff2958d-612f-4bbd-b472-e5527e557653" testId="8adff332-95ff-c423-6bbb-d3cb672f3d1c" testName="AutoMapperTestForCustomValueResolvers" computerName="USER-PC" testType="13cdc9d9-ddb5-4fa4-a97d-d965ccfc6d4b" outcome="NotExecuted" testListId="8c84fa94-04c1-424b-9868-57a2d4851a1d" relativeResultsDirectory="7ff2958d-612f-4bbd-b472-e5527e557653">
    </UnitTestResult>
    <UnitTestResult executionId="66dff5b6-8eed-4f49-b469-03ba3fcf7aed" testId="909a03b0-eced-744e-8b11-f1be414ed76a" testName="AutoMapperTestForFlattening" computerName="USER-PC" testType="13cdc9d9-ddb5-4fa4-a97d-d965ccfc6d4b" outcome="NotExecuted" testListId="8c84fa94-04c1-424b-9868-57a2d4851a1d" relativeResultsDirectory="66dff5b6-8eed-4f49-b469-03ba3fcf7aed">
    </UnitTestResult>
    <UnitTestResult executionId="892c5864-23c3-4a5f-af54-db4769a6753f" testId="bcc3b17c-c9f2-a4ff-3a9d-d74058793cb6" testName="AutoMapperTestForConfiguration" computerName="USER-PC" testType="13cdc9d9-ddb5-4fa4-a97d-d965ccfc6d4b" outcome="NotExecuted" testListId="8c84fa94-04c1-424b-9868-57a2d4851a1d" relativeResultsDirectory="892c5864-23c3-4a5f-af54-db4769a6753f">
    </UnitTestResult>
  </Results>
</TestRun>